<?xml version="1.0" encoding="UTF-8"?>
<testng-results ignored="0" total="1" passed="1" failed="0" skipped="0">
  <reporter-output>
  </reporter-output>
  <suite started-at="2024-10-03T02:38:05 IST" name="Default suite" finished-at="2024-10-03T02:39:24 IST" duration-ms="79380">
    <groups>
      <group name="cucumber">
        <method signature="AbstractTestNGCucumberTests.runScenario(io.cucumber.testng.PickleWrapper,io.cucumber.testng.FeatureWrapper)[pri:0, instance:runner.ShortlistRunner@4c178a76]" name="runScenario" class="io.cucumber.testng.AbstractTestNGCucumberTests"/>
      </group> <!-- cucumber -->
    </groups>
    <test started-at="2024-10-03T02:38:05 IST" name="Default test" finished-at="2024-10-03T02:39:24 IST" duration-ms="79380">
      <class name="runner.ShortlistRunner">
        <test-method is-config="true" signature="setUpClass()[pri:0, instance:runner.ShortlistRunner@4c178a76]" started-at="2024-10-03T02:38:05 IST" name="setUpClass" finished-at="2024-10-03T02:38:05 IST" duration-ms="579" status="PASS">
          <reporter-output>
          </reporter-output>
        </test-method> <!-- setUpClass -->
        <test-method signature="runScenario(io.cucumber.testng.PickleWrapper,io.cucumber.testng.FeatureWrapper)[pri:0, instance:runner.ShortlistRunner@4c178a76]" started-at="2024-10-03T02:38:05 IST" name="runScenario" description="Runs Cucumber Scenarios" data-provider="scenarios" finished-at="2024-10-03T02:39:24 IST" duration-ms="78531" status="PASS">
          <params>
            <param index="0">
              <value>
                <![CDATA["The user is able to clear all shortlisted items"]]>
              </value>
            </param>
            <param index="1">
              <value>
                <![CDATA["Optional[Perform all operation on shortlist of firstcry application]"]]>
              </value>
            </param>
          </params>
          <reporter-output>
          </reporter-output>
        </test-method> <!-- runScenario -->
        <test-method is-config="true" signature="tearDownClass()[pri:0, instance:runner.ShortlistRunner@4c178a76]" started-at="2024-10-03T02:39:24 IST" name="tearDownClass" finished-at="2024-10-03T02:39:24 IST" duration-ms="162" status="PASS">
          <reporter-output>
          </reporter-output>
        </test-method> <!-- tearDownClass -->
      </class> <!-- runner.ShortlistRunner -->
    </test> <!-- Default test -->
  </suite> <!-- Default suite -->
</testng-results>
